2025-05-12 03:01:25,464 - data_processing - INFO - 在文件夹 /home/pengxiao/virtualenvs/shujuwajue/30G_new_data 中找到 16 个parquet文件
2025-05-12 03:01:25,464 - __main__ - INFO - 将处理以下 parquet 文件: ['/home/pengxiao/virtualenvs/shujuwajue/30G_new_data/part-00015.parquet', '/home/pengxiao/virtualenvs/shujuwajue/30G_new_data/part-00006.parquet', '/home/pengxiao/virtualenvs/shujuwajue/30G_new_data/part-00012.parquet', '/home/pengxiao/virtualenvs/shujuwajue/30G_new_data/part-00010.parquet', '/home/pengxiao/virtualenvs/shujuwajue/30G_new_data/part-00007.parquet', '/home/pengxiao/virtualenvs/shujuwajue/30G_new_data/part-00011.parquet', '/home/pengxiao/virtualenvs/shujuwajue/30G_new_data/part-00013.parquet', '/home/pengxiao/virtualenvs/shujuwajue/30G_new_data/part-00003.parquet', '/home/pengxiao/virtualenvs/shujuwajue/30G_new_data/part-00005.parquet', '/home/pengxiao/virtualenvs/shujuwajue/30G_new_data/part-00004.parquet', '/home/pengxiao/virtualenvs/shujuwajue/30G_new_data/part-00000.parquet', '/home/pengxiao/virtualenvs/shujuwajue/30G_new_data/part-00002.parquet', '/home/pengxiao/virtualenvs/shujuwajue/30G_new_data/part-00001.parquet', '/home/pengxiao/virtualenvs/shujuwajue/30G_new_data/part-00008.parquet', '/home/pengxiao/virtualenvs/shujuwajue/30G_new_data/part-00014.parquet', '/home/pengxiao/virtualenvs/shujuwajue/30G_new_data/part-00009.parquet']
2025-05-12 03:01:25,464 - __main__ - INFO - 产品目录: /home/pengxiao/virtualenvs/shujuwajue/homework2/product_catalog.json
2025-05-12 03:01:25,464 - __main__ - INFO - 输出目录: 2_analysis_results
2025-05-12 03:01:25,482 - data_processing - INFO - 加载了产品目录，共10000个产品
2025-05-12 03:01:25,482 - data_processing - INFO - 处理parquet文件: /home/pengxiao/virtualenvs/shujuwajue/30G_new_data/part-00015.parquet
2025-05-12 03:23:42,140 - data_processing - INFO - 在文件夹 /home/pengxiao/virtualenvs/shujuwajue/30G_new_data 中找到 16 个parquet文件
2025-05-12 03:23:42,140 - __main__ - INFO - 将处理以下 parquet 文件: ['/home/pengxiao/virtualenvs/shujuwajue/30G_new_data/part-00015.parquet', '/home/pengxiao/virtualenvs/shujuwajue/30G_new_data/part-00006.parquet', '/home/pengxiao/virtualenvs/shujuwajue/30G_new_data/part-00012.parquet', '/home/pengxiao/virtualenvs/shujuwajue/30G_new_data/part-00010.parquet', '/home/pengxiao/virtualenvs/shujuwajue/30G_new_data/part-00007.parquet', '/home/pengxiao/virtualenvs/shujuwajue/30G_new_data/part-00011.parquet', '/home/pengxiao/virtualenvs/shujuwajue/30G_new_data/part-00013.parquet', '/home/pengxiao/virtualenvs/shujuwajue/30G_new_data/part-00003.parquet', '/home/pengxiao/virtualenvs/shujuwajue/30G_new_data/part-00005.parquet', '/home/pengxiao/virtualenvs/shujuwajue/30G_new_data/part-00004.parquet', '/home/pengxiao/virtualenvs/shujuwajue/30G_new_data/part-00000.parquet', '/home/pengxiao/virtualenvs/shujuwajue/30G_new_data/part-00002.parquet', '/home/pengxiao/virtualenvs/shujuwajue/30G_new_data/part-00001.parquet', '/home/pengxiao/virtualenvs/shujuwajue/30G_new_data/part-00008.parquet', '/home/pengxiao/virtualenvs/shujuwajue/30G_new_data/part-00014.parquet', '/home/pengxiao/virtualenvs/shujuwajue/30G_new_data/part-00009.parquet']
2025-05-12 03:23:42,140 - __main__ - INFO - 产品目录: /home/pengxiao/virtualenvs/shujuwajue/homework2/product_catalog.json
2025-05-12 03:23:42,140 - __main__ - INFO - 输出目录: 2_analysis_results
2025-05-12 03:23:42,159 - data_processing - INFO - 加载了产品目录，共10000个产品
2025-05-12 03:23:42,159 - data_processing - INFO - 处理parquet文件: /home/pengxiao/virtualenvs/shujuwajue/30G_new_data/part-00015.parquet
2025-05-12 03:28:37,612 - data_processing - INFO - 在文件夹 /home/pengxiao/virtualenvs/shujuwajue/30G_new_data 中找到 16 个parquet文件
2025-05-12 03:28:37,612 - __main__ - INFO - 将处理以下 parquet 文件: ['/home/pengxiao/virtualenvs/shujuwajue/30G_new_data/part-00015.parquet', '/home/pengxiao/virtualenvs/shujuwajue/30G_new_data/part-00006.parquet', '/home/pengxiao/virtualenvs/shujuwajue/30G_new_data/part-00012.parquet', '/home/pengxiao/virtualenvs/shujuwajue/30G_new_data/part-00010.parquet', '/home/pengxiao/virtualenvs/shujuwajue/30G_new_data/part-00007.parquet', '/home/pengxiao/virtualenvs/shujuwajue/30G_new_data/part-00011.parquet', '/home/pengxiao/virtualenvs/shujuwajue/30G_new_data/part-00013.parquet', '/home/pengxiao/virtualenvs/shujuwajue/30G_new_data/part-00003.parquet', '/home/pengxiao/virtualenvs/shujuwajue/30G_new_data/part-00005.parquet', '/home/pengxiao/virtualenvs/shujuwajue/30G_new_data/part-00004.parquet', '/home/pengxiao/virtualenvs/shujuwajue/30G_new_data/part-00000.parquet', '/home/pengxiao/virtualenvs/shujuwajue/30G_new_data/part-00002.parquet', '/home/pengxiao/virtualenvs/shujuwajue/30G_new_data/part-00001.parquet', '/home/pengxiao/virtualenvs/shujuwajue/30G_new_data/part-00008.parquet', '/home/pengxiao/virtualenvs/shujuwajue/30G_new_data/part-00014.parquet', '/home/pengxiao/virtualenvs/shujuwajue/30G_new_data/part-00009.parquet']
2025-05-12 03:28:37,612 - __main__ - INFO - 产品目录: /home/pengxiao/virtualenvs/shujuwajue/homework2/product_catalog.json
2025-05-12 03:28:37,612 - __main__ - INFO - 输出目录: 2_analysis_results
2025-05-12 03:28:37,630 - data_processing - INFO - 加载了产品目录，共10000个产品
2025-05-12 03:28:37,630 - data_processing - INFO - 处理parquet文件: /home/pengxiao/virtualenvs/shujuwajue/30G_new_data/part-00015.parquet
2025-05-12 03:42:48,652 - data_processing - INFO - 在文件夹 /home/pengxiao/virtualenvs/shujuwajue/30G_new_data 中找到 16 个parquet文件
2025-05-12 03:42:48,652 - __main__ - INFO - 将处理以下 parquet 文件: ['/home/pengxiao/virtualenvs/shujuwajue/30G_new_data/part-00015.parquet', '/home/pengxiao/virtualenvs/shujuwajue/30G_new_data/part-00006.parquet', '/home/pengxiao/virtualenvs/shujuwajue/30G_new_data/part-00012.parquet', '/home/pengxiao/virtualenvs/shujuwajue/30G_new_data/part-00010.parquet', '/home/pengxiao/virtualenvs/shujuwajue/30G_new_data/part-00007.parquet', '/home/pengxiao/virtualenvs/shujuwajue/30G_new_data/part-00011.parquet', '/home/pengxiao/virtualenvs/shujuwajue/30G_new_data/part-00013.parquet', '/home/pengxiao/virtualenvs/shujuwajue/30G_new_data/part-00003.parquet', '/home/pengxiao/virtualenvs/shujuwajue/30G_new_data/part-00005.parquet', '/home/pengxiao/virtualenvs/shujuwajue/30G_new_data/part-00004.parquet', '/home/pengxiao/virtualenvs/shujuwajue/30G_new_data/part-00000.parquet', '/home/pengxiao/virtualenvs/shujuwajue/30G_new_data/part-00002.parquet', '/home/pengxiao/virtualenvs/shujuwajue/30G_new_data/part-00001.parquet', '/home/pengxiao/virtualenvs/shujuwajue/30G_new_data/part-00008.parquet', '/home/pengxiao/virtualenvs/shujuwajue/30G_new_data/part-00014.parquet', '/home/pengxiao/virtualenvs/shujuwajue/30G_new_data/part-00009.parquet']
2025-05-12 03:42:48,652 - __main__ - INFO - 产品目录: /home/pengxiao/virtualenvs/shujuwajue/homework2/product_catalog.json
2025-05-12 03:42:48,652 - __main__ - INFO - 输出目录: 2_analysis_results
2025-05-12 03:42:48,671 - data_processing - INFO - 加载了产品目录，共10000个产品
2025-05-12 03:42:48,671 - data_processing - INFO - 处理parquet文件: /home/pengxiao/virtualenvs/shujuwajue/30G_new_data/part-00015.parquet
2025-05-12 04:17:22,371 - data_processing - INFO - 处理parquet文件: /home/pengxiao/virtualenvs/shujuwajue/30G_new_data/part-00006.parquet
2025-05-12 04:52:05,016 - data_processing - INFO - 处理parquet文件: /home/pengxiao/virtualenvs/shujuwajue/30G_new_data/part-00012.parquet
2025-05-12 05:27:04,531 - data_processing - INFO - 处理parquet文件: /home/pengxiao/virtualenvs/shujuwajue/30G_new_data/part-00010.parquet
2025-05-12 06:02:12,539 - data_processing - INFO - 处理parquet文件: /home/pengxiao/virtualenvs/shujuwajue/30G_new_data/part-00007.parquet
2025-05-12 06:37:37,649 - data_processing - INFO - 处理parquet文件: /home/pengxiao/virtualenvs/shujuwajue/30G_new_data/part-00011.parquet
2025-05-12 07:13:15,833 - data_processing - INFO - 处理parquet文件: /home/pengxiao/virtualenvs/shujuwajue/30G_new_data/part-00013.parquet
2025-05-12 07:49:23,277 - data_processing - INFO - 处理parquet文件: /home/pengxiao/virtualenvs/shujuwajue/30G_new_data/part-00003.parquet
2025-05-12 08:23:29,307 - data_processing - INFO - 处理parquet文件: /home/pengxiao/virtualenvs/shujuwajue/30G_new_data/part-00005.parquet
2025-05-12 09:00:40,978 - data_processing - INFO - 处理parquet文件: /home/pengxiao/virtualenvs/shujuwajue/30G_new_data/part-00004.parquet
2025-05-12 09:34:55,307 - data_processing - INFO - 处理parquet文件: /home/pengxiao/virtualenvs/shujuwajue/30G_new_data/part-00000.parquet
2025-05-12 10:13:38,092 - data_processing - INFO - 处理parquet文件: /home/pengxiao/virtualenvs/shujuwajue/30G_new_data/part-00002.parquet
2025-05-12 10:47:54,779 - data_processing - INFO - 处理parquet文件: /home/pengxiao/virtualenvs/shujuwajue/30G_new_data/part-00001.parquet
2025-05-12 11:27:30,148 - data_processing - INFO - 处理parquet文件: /home/pengxiao/virtualenvs/shujuwajue/30G_new_data/part-00008.parquet
2025-05-12 12:01:51,266 - data_processing - INFO - 处理parquet文件: /home/pengxiao/virtualenvs/shujuwajue/30G_new_data/part-00014.parquet
2025-05-12 12:36:22,610 - data_processing - INFO - 处理parquet文件: /home/pengxiao/virtualenvs/shujuwajue/30G_new_data/part-00009.parquet
2025-05-12 13:17:30,521 - data_processing - INFO - 所有数据处理完成，共处理 404987101 个商品
2025-05-12 13:17:30,523 - __main__ - INFO - 开始任务1：商品类别关联规则挖掘
2025-05-12 13:18:42,806 - analysis - INFO - 找到42个唯一类别
2025-05-12 15:43:27,317 - analysis - INFO - 使用FP-Growth算法挖掘频繁项集，最小支持度=0.02
2025-05-12 15:53:30,203 - analysis - INFO - 找到42个频繁项集
2025-05-12 15:53:30,205 - analysis - WARNING - 没有找到符合条件的关联规则
2025-05-12 15:53:37,694 - __main__ - INFO - 开始任务2：支付方式与商品类别关联分析
2025-05-12 16:04:58,262 - analysis - INFO - 找到294个唯一支付-类别组合
2025-05-12 18:32:42,845 - analysis - INFO - 使用FP-Growth算法挖掘支付-类别关联，最小支持度=0.01
2025-05-12 21:16:08,473 - analysis - INFO - 找到120个支付-类别频繁项集
2025-05-12 21:16:08,475 - analysis - WARNING - 没有找到符合条件的支付-类别关联规则
2025-05-12 21:16:34,831 - __main__ - INFO - 开始任务3：时间序列模式挖掘
2025-05-12 21:31:02,784 - __main__ - INFO - 开始任务4：退款模式分析
2025-05-12 23:08:09,593 - analysis - INFO - 使用FP-Growth算法挖掘退款模式，最小支持度=0.005
2025-05-12 23:30:11,354 - __main__ - INFO - 开始生成可视化结果
2025-05-12 23:30:11,354 - util - WARNING - 没有找到类别关联规则的规则
2025-05-12 23:30:11,354 - util - WARNING - 没有找到支付-类别关联规则的规则
2025-05-12 23:30:11,357 - util - INFO - 高价值商品支付方式数据已保存到2_analysis_results/high_value_payment_methods.csv
2025-05-12 23:30:11,358 - util - INFO - 季度模式数据已保存到2_analysis_results/quarterly_patterns.csv
2025-05-12 23:30:11,358 - util - INFO - 月度模式数据已保存到2_analysis_results/monthly_patterns.csv
2025-05-12 23:30:11,359 - util - INFO - 星期几模式数据已保存到2_analysis_results/dow_patterns.csv
2025-05-12 23:30:11,361 - util - INFO - 顺序模式数据已保存到2_analysis_results/sequential_patterns.csv
2025-05-12 23:30:11,361 - util - WARNING - 没有找到退款关联规则的规则
2025-05-12 23:30:11,361 - util - INFO - 退款率数据已保存到2_analysis_results/refund_rates.csv
2025-05-12 23:30:11,361 - __main__ - INFO - 分析完成，结果保存到 2_analysis_results
2025-05-12 23:30:11,361 - __main__ - INFO - 打印挖掘结果
2025-05-12 23:30:11,364 - util - INFO - 将频繁项集信息保存到2_analysis_results/类别关联_frequent_itemsets.txt
2025-05-12 23:30:11,364 - util - WARNING - 没有找到类别关联规则的关联规则
2025-05-12 23:30:11,367 - util - INFO - 将频繁项集信息保存到2_analysis_results/支付-类别关联_frequent_itemsets.txt
2025-05-12 23:30:11,367 - util - WARNING - 没有找到支付-类别关联规则的关联规则
2025-05-12 23:30:11,369 - util - INFO - 将频繁项集信息保存到2_analysis_results/退款模式_frequent_itemsets.txt
2025-05-12 23:30:11,369 - util - WARNING - 没有找到退款关联规则的关联规则
